<?xml version="1.0" encoding="UTF-8"?>
<!-- Generated by org.testng.reporters.JUnitReportReporter -->
<testsuite skipped="0" hostname="Dosi" name="com.alg.test.executionengine.Executor" tests="10" failures="0" timestamp="04 Mar 2019 03:45:19 GMT" time="20.274" errors="0">
  <testcase name="testCase" time="0.005" classname="com.alg.test.executionengine.Executor"/>
  <testcase name="testCase" time="0.007" classname="com.alg.test.executionengine.Executor"/>
  <testcase name="testCase" time="0.009" classname="com.alg.test.executionengine.Executor"/>
  <testcase name="testCase" time="0.010" classname="com.alg.test.executionengine.Executor"/>
  <testcase name="testCase" time="20.174" classname="com.alg.test.executionengine.Executor"/>
  <testcase name="testCase" time="0.014" classname="com.alg.test.executionengine.Executor"/>
  <testcase name="testCase" time="0.013" classname="com.alg.test.executionengine.Executor"/>
  <testcase name="testCase" time="0.013" classname="com.alg.test.executionengine.Executor"/>
  <testcase name="testCase" time="0.018" classname="com.alg.test.executionengine.Executor"/>
  <testcase name="testCase" time="0.011" classname="com.alg.test.executionengine.Executor"/>
</testsuite> <!-- com.alg.test.executionengine.Executor -->
