<?xml version="1.0" encoding="UTF-8"?>
<!-- Generated by org.testng.reporters.JUnitReportReporter -->
<testsuite skipped="0" hostname="Dosi" name="com.alg.test.executionengine.Executor" tests="10" failures="0" timestamp="28 Apr 2018 16:52:00 GMT" time="45.006" errors="0">
  <testcase name="testCase" time="18.284" classname="com.alg.test.executionengine.Executor"/>
  <testcase name="testCase" time="0.005" classname="com.alg.test.executionengine.Executor"/>
  <testcase name="testCase" time="0.003" classname="com.alg.test.executionengine.Executor"/>
  <testcase name="testCase" time="0.009" classname="com.alg.test.executionengine.Executor"/>
  <testcase name="testCase" time="0.005" classname="com.alg.test.executionengine.Executor"/>
  <testcase name="testCase" time="0.003" classname="com.alg.test.executionengine.Executor"/>
  <testcase name="testCase" time="0.004" classname="com.alg.test.executionengine.Executor"/>
  <testcase name="testCase" time="0.002" classname="com.alg.test.executionengine.Executor"/>
  <testcase name="testCase" time="26.689" classname="com.alg.test.executionengine.Executor"/>
  <testcase name="testCase" time="0.002" classname="com.alg.test.executionengine.Executor"/>
</testsuite> <!-- com.alg.test.executionengine.Executor -->
